# JRE version: OpenJDK Runtime Environment (8.0_202-b03) (build 1.8.0_202-release-1483-b03)
# Java VM: OpenJDK 64-Bit Server VM (25.202-b03 mixed mode windows-amd64 compressed oops)
Heap:
 PSYoungGen      total 209920K, used 67269K [0x00000000e0000000, 0x00000000eeb80000, 0x0000000100000000)
  eden space 193024K, 30% used [0x00000000e0000000,0x00000000e39814d8,0x00000000ebc80000)
  from space 16896K, 49% used [0x00000000edb00000,0x00000000ee330060,0x00000000eeb80000)
  to   space 24064K, 0% used [0x00000000ebc80000,0x00000000ebc80000,0x00000000ed400000)
 ParOldGen       total 177664K, used 43759K [0x00000000a0000000, 0x00000000aad80000, 0x00000000e0000000)
  object space 177664K, 24% used [0x00000000a0000000,0x00000000a2abbd10,0x00000000aad80000)
 Metaspace       used 99443K, capacity 106342K, committed 106584K, reserved 1142784K
  class space    used 12728K, capacity 13906K, committed 13952K, reserved 1048576K
GC Heap History (10 events):
Event: 15913.601 GC heap before
{Heap before GC invocations=30 (full 4):
 PSYoungGen      total 231936K, used 231840K [0x00000000e0000000, 0x00000000f1680000, 0x0000000100000000)
  eden space 225792K, 100% used [0x00000000e0000000,0x00000000edc80000,0x00000000edc80000)
  from space 6144K, 98% used [0x00000000ee400000,0x00000000ee9e8020,0x00000000eea00000)
  to   space 29696K, 0% used [0x00000000ef980000,0x00000000ef980000,0x00000000f1680000)
 ParOldGen       total 177664K, used 43727K [0x00000000a0000000, 0x00000000aad80000, 0x00000000e0000000)
  object space 177664K, 24% used [0x00000000a0000000,0x00000000a2ab3d10,0x00000000aad80000)
 Metaspace       used 97483K, capacity 102644K, committed 102744K, reserved 1138688K
  class space    used 12442K, capacity 13382K, committed 13440K, reserved 1048576K
Event: 15913.636 GC heap after
Heap after GC invocations=30 (full 4):
 PSYoungGen      total 238080K, used 12886K [0x00000000e0000000, 0x00000000f0c80000, 0x0000000100000000)
  eden space 218624K, 0% used [0x00000000e0000000,0x00000000e0000000,0x00000000ed580000)
  from space 19456K, 66% used [0x00000000ef980000,0x00000000f0615970,0x00000000f0c80000)
  to   space 28160K, 0% used [0x00000000ed580000,0x00000000ed580000,0x00000000ef100000)
 ParOldGen       total 177664K, used 43735K [0x00000000a0000000, 0x00000000aad80000, 0x00000000e0000000)
  object space 177664K, 24% used [0x00000000a0000000,0x00000000a2ab5d10,0x00000000aad80000)
 Metaspace       used 97483K, capacity 102644K, committed 102744K, reserved 1138688K
  class space    used 12442K, capacity 13382K, committed 13440K, reserved 1048576K
}
Event: 15963.781 GC heap before
{Heap before GC invocations=31 (full 4):
 PSYoungGen      total 238080K, used 231510K [0x00000000e0000000, 0x00000000f0c80000, 0x0000000100000000)
  eden space 218624K, 100% used [0x00000000e0000000,0x00000000ed580000,0x00000000ed580000)
  from space 19456K, 66% used [0x00000000ef980000,0x00000000f0615970,0x00000000f0c80000)
  to   space 28160K, 0% used [0x00000000ed580000,0x00000000ed580000,0x00000000ef100000)
 ParOldGen       total 177664K, used 43735K [0x00000000a0000000, 0x00000000aad80000, 0x00000000e0000000)
  object space 177664K, 24% used [0x00000000a0000000,0x00000000a2ab5d10,0x00000000aad80000)
 Metaspace       used 98359K, capacity 104630K, committed 104920K, reserved 1140736K
  class space    used 12603K, capacity 13681K, committed 13824K, reserved 1048576K
Event: 15963.821 GC heap after
Heap after GC invocations=31 (full 4):
 PSYoungGen      total 221696K, used 9409K [0x00000000e0000000, 0x00000000f0400000, 0x0000000100000000)
  eden space 211968K, 0% used [0x00000000e0000000,0x00000000e0000000,0x00000000ecf00000)
  from space 9728K, 96% used [0x00000000ed580000,0x00000000edeb04b8,0x00000000edf00000)
  to   space 27136K, 0% used [0x00000000ee980000,0x00000000ee980000,0x00000000f0400000)
 ParOldGen       total 177664K, used 43743K [0x00000000a0000000, 0x00000000aad80000, 0x00000000e0000000)
  object space 177664K, 24% used [0x00000000a0000000,0x00000000a2ab7d10,0x00000000aad80000)
 Metaspace       used 98359K, capacity 104630K, committed 104920K, reserved 1140736K
  class space    used 12603K, capacity 13681K, committed 13824K, reserved 1048576K
}
Event: 19312.500 GC heap before
{Heap before GC invocations=32 (full 4):
 PSYoungGen      total 221696K, used 221377K [0x00000000e0000000, 0x00000000f0400000, 0x0000000100000000)
  eden space 211968K, 100% used [0x00000000e0000000,0x00000000ecf00000,0x00000000ecf00000)
  from space 9728K, 96% used [0x00000000ed580000,0x00000000edeb04b8,0x00000000edf00000)
  to   space 27136K, 0% used [0x00000000ee980000,0x00000000ee980000,0x00000000f0400000)
 ParOldGen       total 177664K, used 43743K [0x00000000a0000000, 0x00000000aad80000, 0x00000000e0000000)
  object space 177664K, 24% used [0x00000000a0000000,0x00000000a2ab7d10,0x00000000aad80000)
 Metaspace       used 98784K, capacity 105238K, committed 105432K, reserved 1140736K
  class space    used 12646K, capacity 13760K, committed 13824K, reserved 1048576K
Event: 19312.524 GC heap after
Heap after GC invocations=32 (full 4):
 PSYoungGen      total 223744K, used 12301K [0x00000000e0000000, 0x00000000efb80000, 0x0000000100000000)
  eden space 205312K, 0% used [0x00000000e0000000,0x00000000e0000000,0x00000000ec880000)
  from space 18432K, 66% used [0x00000000ee980000,0x00000000ef583738,0x00000000efb80000)
  to   space 26112K, 0% used [0x00000000ec880000,0x00000000ec880000,0x00000000ee200000)
 ParOldGen       total 177664K, used 43751K [0x00000000a0000000, 0x00000000aad80000, 0x00000000e0000000)
  object space 177664K, 24% used [0x00000000a0000000,0x00000000a2ab9d10,0x00000000aad80000)
 Metaspace       used 98784K, capacity 105238K, committed 105432K, reserved 1140736K
  class space    used 12646K, capacity 13760K, committed 13824K, reserved 1048576K
}
Event: 19448.221 GC heap before
{Heap before GC invocations=33 (full 4):
 PSYoungGen      total 223744K, used 217599K [0x00000000e0000000, 0x00000000efb80000, 0x0000000100000000)
  eden space 205312K, 99% used [0x00000000e0000000,0x00000000ec87c818,0x00000000ec880000)
  from space 18432K, 66% used [0x00000000ee980000,0x00000000ef583738,0x00000000efb80000)
  to   space 26112K, 0% used [0x00000000ec880000,0x00000000ec880000,0x00000000ee200000)
 ParOldGen       total 177664K, used 43751K [0x00000000a0000000, 0x00000000aad80000, 0x00000000e0000000)
  object space 177664K, 24% used [0x00000000a0000000,0x00000000a2ab9d10,0x00000000aad80000)
 Metaspace       used 99131K, capacity 105892K, committed 106072K, reserved 1140736K
  class space    used 12688K, capacity 13837K, committed 13952K, reserved 1048576K
Event: 19448.238 GC heap after
Heap after GC invocations=33 (full 4):
 PSYoungGen      total 207872K, used 8496K [0x00000000e0000000, 0x00000000ef380000, 0x0000000100000000)
  eden space 199168K, 0% used [0x00000000e0000000,0x00000000e0000000,0x00000000ec280000)
  from space 8704K, 97% used [0x00000000ec880000,0x00000000ed0cc040,0x00000000ed100000)
  to   space 25088K, 0% used [0x00000000edb00000,0x00000000edb00000,0x00000000ef380000)
 ParOldGen       total 177664K, used 43759K [0x00000000a0000000, 0x00000000aad80000, 0x00000000e0000000)
  object space 177664K, 24% used [0x00000000a0000000,0x00000000a2abbd10,0x00000000aad80000)
 Metaspace       used 99131K, capacity 105892K, committed 106072K, reserved 1140736K
  class space    used 12688K, capacity 13837K, committed 13952K, reserved 1048576K
}
Event: 20584.959 GC heap before
{Heap before GC invocations=34 (full 4):
 PSYoungGen      total 207872K, used 207664K [0x00000000e0000000, 0x00000000ef380000, 0x0000000100000000)
  eden space 199168K, 100% used [0x00000000e0000000,0x00000000ec280000,0x00000000ec280000)
  from space 8704K, 97% used [0x00000000ec880000,0x00000000ed0cc040,0x00000000ed100000)
  to   space 25088K, 0% used [0x00000000edb00000,0x00000000edb00000,0x00000000ef380000)
 ParOldGen       total 177664K, used 43759K [0x00000000a0000000, 0x00000000aad80000, 0x00000000e0000000)
  object space 177664K, 24% used [0x00000000a0000000,0x00000000a2abbd10,0x00000000aad80000)
 Metaspace       used 99322K, capacity 106182K, committed 106328K, reserved 1142784K
  class space    used 12710K, capacity 13874K, committed 13952K, reserved 1048576K
Event: 20584.983 GC heap after
Heap after GC invocations=34 (full 4):
 PSYoungGen      total 209920K, used 8384K [0x00000000e0000000, 0x00000000eeb80000, 0x0000000100000000)
  eden space 193024K, 0% used [0x00000000e0000000,0x00000000e0000000,0x00000000ebc80000)
  from space 16896K, 49% used [0x00000000edb00000,0x00000000ee330060,0x00000000eeb80000)
  to   space 24064K, 0% used [0x00000000ebc80000,0x00000000ebc80000,0x00000000ed400000)
 ParOldGen       total 177664K, used 43759K [0x00000000a0000000, 0x00000000aad80000, 0x00000000e0000000)
  object space 177664K, 24% used [0x00000000a0000000,0x00000000a2abbd10,0x00000000aad80000)
 Metaspace       used 99322K, capacity 106182K, committed 106328K, reserved 1142784K
  class space    used 12710K, capacity 13874K, committed 13952K, reserved 1048576K
}

